[educationallsp] 2024/03/31 main.go:16: Starting the client
[educationallsp] 2024/03/31 main.go:36: Received message with method: initialize
[educationallsp] 2024/03/31 main.go:44: Connected to:
[educationallsp] 2024/03/31 main.go:45: ClientInfo Name: Neovim
[educationallsp] 2024/03/31 main.go:46: ClientInfo Version: 0.9.5
[educationallsp] 2024/03/31 main.go:36: Received message with method: initialized
[educationallsp] 2024/03/31 main.go:36: Received message with method: textDocument/didOpen
[educationallsp] 2024/03/31 main.go:36: Received message with method: textDocument/didChange
[educationallsp] 2024/03/31 main.go:36: Received message with method: textDocument/didChange
[educationallsp] 2024/03/31 main.go:36: Received message with method: textDocument/didChange
[educationallsp] 2024/03/31 main.go:36: Received message with method: textDocument/completion
[educationallsp] 2024/03/31 main.go:36: Received message with method: textDocument/didChange
[educationallsp] 2024/03/31 main.go:36: Received message with method: textDocument/didChange
[educationallsp] 2024/03/31 main.go:36: Received message with method: textDocument/didChange
[educationallsp] 2024/03/31 main.go:36: Received message with method: textDocument/didChange
[educationallsp] 2024/03/31 main.go:36: Received message with method: textDocument/didChange
[educationallsp] 2024/03/31 main.go:36: Received message with method: textDocument/didChange
[educationallsp] 2024/03/31 main.go:36: Received message with method: textDocument/completion
[educationallsp] 2024/03/31 main.go:36: Received message with method: textDocument/didChange
[educationallsp] 2024/03/31 main.go:36: Received message with method: textDocument/didChange
[educationallsp] 2024/03/31 main.go:36: Received message with method: textDocument/didChange
[educationallsp] 2024/03/31 main.go:36: Received message with method: textDocument/didChange
[educationallsp] 2024/03/31 main.go:36: Received message with method: textDocument/didChange
[educationallsp] 2024/03/31 main.go:36: Received message with method: textDocument/didChange
[educationallsp] 2024/03/31 main.go:36: Received message with method: textDocument/didChange
[educationallsp] 2024/03/31 main.go:36: Received message with method: textDocument/completion
[educationallsp] 2024/03/31 main.go:36: Received message with method: textDocument/didChange
[educationallsp] 2024/03/31 main.go:36: Received message with method: textDocument/didChange
[educationallsp] 2024/03/31 main.go:36: Received message with method: textDocument/didChange
[educationallsp] 2024/03/31 main.go:36: Received message with method: textDocument/didChange
[educationallsp] 2024/03/31 main.go:36: Received message with method: textDocument/didChange
[educationallsp] 2024/03/31 main.go:36: Received message with method: textDocument/didChange
[educationallsp] 2024/03/31 main.go:36: Received message with method: textDocument/didChange
[educationallsp] 2024/03/31 main.go:36: Received message with method: textDocument/completion
[educationallsp] 2024/03/31 main.go:36: Received message with method: textDocument/didChange
[educationallsp] 2024/03/31 main.go:36: Received message with method: textDocument/didChange
[educationallsp] 2024/03/31 main.go:36: Received message with method: textDocument/didChange
[educationallsp] 2024/03/31 main.go:36: Received message with method: textDocument/didChange
[educationallsp] 2024/03/31 main.go:36: Received message with method: textDocument/didChange
[educationallsp] 2024/03/31 main.go:36: Received message with method: textDocument/didChange
[educationallsp] 2024/03/31 main.go:36: Received message with method: textDocument/didChange
[educationallsp] 2024/03/31 main.go:36: Received message with method: textDocument/didChange
[educationallsp] 2024/03/31 main.go:36: Received message with method: textDocument/completion
[educationallsp] 2024/03/31 main.go:36: Received message with method: textDocument/didChange
[educationallsp] 2024/03/31 main.go:36: Received message with method: textDocument/didChange
[educationallsp] 2024/03/31 main.go:36: Received message with method: textDocument/didChange
[educationallsp] 2024/03/31 main.go:36: Received message with method: textDocument/didChange
[educationallsp] 2024/03/31 main.go:36: Received message with method: textDocument/didChange
[educationallsp] 2024/03/31 main.go:36: Received message with method: textDocument/didChange
[educationallsp] 2024/03/31 main.go:36: Received message with method: textDocument/didChange
[educationallsp] 2024/03/31 main.go:36: Received message with method: textDocument/didChange
[educationallsp] 2024/03/31 main.go:36: Received message with method: textDocument/completion
[educationallsp] 2024/03/31 main.go:36: Received message with method: textDocument/didChange
[educationallsp] 2024/03/31 main.go:36: Received message with method: textDocument/didChange
[educationallsp] 2024/03/31 main.go:36: Received message with method: textDocument/didChange
[educationallsp] 2024/03/31 main.go:36: Received message with method: textDocument/didChange
[educationallsp] 2024/03/31 main.go:36: Received message with method: textDocument/didChange
[educationallsp] 2024/03/31 main.go:36: Received message with method: textDocument/didChange
[educationallsp] 2024/03/31 main.go:36: Received message with method: textDocument/completion
[educationallsp] 2024/03/31 main.go:36: Received message with method: textDocument/didChange
[educationallsp] 2024/03/31 main.go:36: Received message with method: textDocument/didChange
[educationallsp] 2024/03/31 main.go:36: Received message with method: textDocument/didChange
[educationallsp] 2024/03/31 main.go:36: Received message with method: textDocument/didChange
[educationallsp] 2024/03/31 main.go:36: Received message with method: textDocument/didChange
[educationallsp] 2024/03/31 main.go:36: Received message with method: textDocument/didChange
[educationallsp] 2024/03/31 main.go:36: Received message with method: textDocument/didChange
[educationallsp] 2024/03/31 main.go:36: Received message with method: textDocument/didChange
[educationallsp] 2024/03/31 main.go:36: Received message with method: textDocument/completion
[educationallsp] 2024/03/31 main.go:36: Received message with method: textDocument/didChange
[educationallsp] 2024/03/31 main.go:36: Received message with method: textDocument/didChange
[educationallsp] 2024/03/31 main.go:36: Received message with method: textDocument/didChange
[educationallsp] 2024/03/31 main.go:36: Received message with method: textDocument/completion
[educationallsp] 2024/03/31 main.go:36: Received message with method: textDocument/didChange
[educationallsp] 2024/03/31 main.go:36: Received message with method: textDocument/didChange
[educationallsp] 2024/03/31 main.go:36: Received message with method: textDocument/didChange
[educationallsp] 2024/03/31 main.go:36: Received message with method: textDocument/didChange
[educationallsp] 2024/03/31 main.go:36: Received message with method: textDocument/completion
[educationallsp] 2024/03/31 main.go:36: Received message with method: textDocument/didChange
[educationallsp] 2024/03/31 main.go:36: Received message with method: textDocument/didChange
[educationallsp] 2024/03/31 main.go:36: Received message with method: textDocument/didChange
[educationallsp] 2024/03/31 main.go:36: Received message with method: textDocument/completion
[educationallsp] 2024/03/31 main.go:36: Received message with method: textDocument/didChange
[educationallsp] 2024/03/31 main.go:36: Received message with method: textDocument/didChange
[educationallsp] 2024/03/31 main.go:36: Received message with method: textDocument/didChange
[educationallsp] 2024/03/31 main.go:36: Received message with method: textDocument/completion
[educationallsp] 2024/03/31 main.go:36: Received message with method: textDocument/didChange
[educationallsp] 2024/03/31 main.go:36: Received message with method: textDocument/didChange
[educationallsp] 2024/03/31 main.go:36: Received message with method: textDocument/didChange
[educationallsp] 2024/03/31 main.go:36: Received message with method: textDocument/completion
[educationallsp] 2024/03/31 main.go:36: Received message with method: textDocument/didChange
[educationallsp] 2024/03/31 main.go:36: Received message with method: textDocument/didChange
[educationallsp] 2024/03/31 main.go:36: Received message with method: textDocument/didChange
[educationallsp] 2024/03/31 main.go:36: Received message with method: textDocument/didChange
[educationallsp] 2024/03/31 main.go:36: Received message with method: textDocument/didChange
[educationallsp] 2024/03/31 main.go:36: Received message with method: textDocument/didChange
[educationallsp] 2024/03/31 main.go:36: Received message with method: textDocument/completion
[educationallsp] 2024/03/31 main.go:36: Received message with method: textDocument/didChange
[educationallsp] 2024/03/31 main.go:36: Received message with method: textDocument/didChange
[educationallsp] 2024/03/31 main.go:36: Received message with method: textDocument/didChange
[educationallsp] 2024/03/31 main.go:36: Received message with method: textDocument/didChange
[educationallsp] 2024/03/31 main.go:36: Received message with method: textDocument/didChange
[educationallsp] 2024/03/31 main.go:36: Received message with method: textDocument/didChange
[educationallsp] 2024/03/31 main.go:36: Received message with method: textDocument/didChange
[educationallsp] 2024/03/31 main.go:36: Received message with method: textDocument/didSave
[educationallsp] 2024/03/31 main.go:36: Received message with method: textDocument/didSave
[educationallsp] 2024/03/31 main.go:36: Received message with method: textDocument/codeAction
[educationallsp] 2024/03/31 main.go:36: Received message with method: textDocument/didSave
[educationallsp] 2024/03/31 main.go:36: Received message with method: textDocument/codeAction
[educationallsp] 2024/03/31 main.go:36: Received message with method: textDocument/didChange
[educationallsp] 2024/03/31 main.go:36: Received message with method: textDocument/didChange
[educationallsp] 2024/03/31 main.go:36: Received message with method: textDocument/didSave
